<?xml version="1.0" encoding="UTF-8"?>
<coverage generated="1590422393782" clover="3.2.0">
  <project timestamp="1590422393782" name="All files">
    <metrics statements="7" coveredstatements="7" conditionals="2" coveredconditionals="2" methods="5" coveredmethods="5" elements="14" coveredelements="14" complexity="0" loc="7" ncloc="7" packages="1" files="1" classes="1"/>
    <file name="response.ts" path="/mnt/c/Users/victor/vfn.dev.articles/functions/io/response.ts">
      <metrics statements="7" coveredstatements="7" conditionals="2" coveredconditionals="2" methods="5" coveredmethods="5"/>
      <line num="3" count="1" type="stmt"/>
      <line num="4" count="9" type="stmt"/>
      <line num="15" count="1" type="stmt"/>
      <line num="17" count="1" type="stmt"/>
      <line num="21" count="1" type="stmt"/>
      <line num="27" count="1" type="stmt"/>
      <line num="31" count="3" type="stmt"/>
    </file>
  </project>
</coverage>
